<?xml version="1.0" encoding="UTF-8"?>
<testsuite xmlns:xsi="http://www.w3.org/2001/XMLSchema-instance" xsi:noNamespaceSchemaLocation="https://maven.apache.org/surefire/maven-surefire-plugin/xsd/surefire-test-report-3.0.xsd" version="3.0" name="com.review.anime.Controller.UserControllerTest" time="1.84" tests="12" errors="0" skipped="0" failures="0">
  <properties>
[...]
</properties>
  <testcase name="addWatchList_Success" classname="com.review.anime.Controller.UserControllerTest" time="0.12">
    <system-out><![CDATA[2024-05-24 16:02:33 INFO  AnnotationConfigContextLoaderUtils:83 - Could not detect default configuration classes for test class [com.review.anime.Controller.UserControllerTest]: UserControllerTest does not declare any static, non-private, non-final, nested classes annotated with @Configuration.
2024-05-24 16:02:33 INFO  SpringBootTestContextBootstrapper:234 - Found @SpringBootConfiguration com.review.anime.AnimeApplication for test class com.review.anime.Controller.UserControllerTest

  .   ____          _            __ _ _
 /\\ / ___'_ __ _ _(_)_ __  __ _ \ \ \ \
( ( )\___ | '_ | '_| | '_ \/ _` | \ \ \ \
 \\/  ___)| |_)| | | | | || (_| |  ) ) ) )
  '  |____| .__|_| |_|_| |_\__, | / / / /
 =========|_|==============|___/=/_/_/_/
 :: Spring Boot ::                (v3.2.4)

2024-05-24 16:02:33 WARN  DuplicateJsonObjectContextCustomizerFactory$DuplicateJsonObjectContextCustomizer:78 - 

Found multiple occurrences of org.json.JSONObject on the class path:

	jar:file:/home/hari/.m2/repository/com/vaadin/external/google/android-json/0.0.20131108.vaadin1/android-json-0.0.20131108.vaadin1.jar!/org/json/JSONObject.class
	jar:file:/home/hari/.m2/repository/org/json/json/20211205/json-20211205.jar!/org/json/JSONObject.class

You may wish to exclude one of them to ensure predictable runtime behavior

2024-05-24 16:02:34 INFO  DefaultSecurityFilterChain:54 - Will secure any request with [org.springframework.security.web.session.DisableEncodeUrlFilter@3c27f72, org.springframework.security.web.context.request.async.WebAsyncManagerIntegrationFilter@5cbe95b1, org.springframework.security.web.context.SecurityContextHolderFilter@1179fc8c, org.springframework.security.web.header.HeaderWriterFilter@34cf0e80, org.springframework.web.filter.CorsFilter@28fa541, org.springframework.security.web.authentication.logout.LogoutFilter@3d8d52be, com.review.anime.security.JwtAuthFilter@539316bb, org.springframework.security.web.savedrequest.RequestCacheAwareFilter@1760e594, org.springframework.security.web.servletapi.SecurityContextHolderAwareRequestFilter@4af70b83, org.springframework.security.web.authentication.AnonymousAuthenticationFilter@5a82bc58, org.springframework.security.web.session.SessionManagementFilter@498a4d62, org.springframework.security.web.access.ExceptionTranslationFilter@4ae49387, org.springframework.security.web.access.intercept.AuthorizationFilter@1de85972]
2024-05-24 16:02:34 INFO  SpringBootMockServletContext:435 - Initializing Spring TestDispatcherServlet ''
2024-05-24 16:02:34 INFO  TestDispatcherServlet:532 - Initializing Servlet ''
2024-05-24 16:02:34 INFO  TestDispatcherServlet:554 - Completed initialization in 0 ms
]]></system-out>
  </testcase>
  <testcase name="deleteWatchList_NotFound" classname="com.review.anime.Controller.UserControllerTest" time="0.01"/>
  <testcase name="addComment" classname="com.review.anime.Controller.UserControllerTest" time="0.007"/>
  <testcase name="changePassword_Success" classname="com.review.anime.Controller.UserControllerTest" time="0.005"/>
  <testcase name="deleteComment_Success" classname="com.review.anime.Controller.UserControllerTest" time="0.005"/>
  <testcase name="changePassword_Failure" classname="com.review.anime.Controller.UserControllerTest" time="0.005"/>
  <testcase name="deleteComment_Unauthorized" classname="com.review.anime.Controller.UserControllerTest" time="0.004"/>
  <testcase name="getWatchList_Success" classname="com.review.anime.Controller.UserControllerTest" time="0.016"/>
  <testcase name="deleteWatchList_Success" classname="com.review.anime.Controller.UserControllerTest" time="0.005"/>
  <testcase name="getComments_Failure_NoComments" classname="com.review.anime.Controller.UserControllerTest" time="0.005"/>
  <testcase name="getComments_Success" classname="com.review.anime.Controller.UserControllerTest" time="0.007"/>
  <testcase name="getWatchList_Empty" classname="com.review.anime.Controller.UserControllerTest" time="0.004"/>
</testsuite>